Arguments: 
  /home/canice/.nvm/versions/node/v18.14.0/bin/node /home/canice/.yarn/bin/yarn.js add express

PATH: 
  /home/canice/.yarn/bin:/home/canice/.config/yarn/global/node_modules/.bin:/home/canice/.fuelup/bin:/home/canice/.vscode-server/bin/7f329fe6c66b0f86ae1574c2911b681ad5a45d63/bin/remote-cli:/home/canice/.yarn/bin:/home/canice/.config/yarn/global/node_modules/.bin:/home/canice/.fuelup/bin:/home/canice/.cargo/bin:/home/canice/.nvm/versions/node/v18.14.0/bin:/usr/local/sbin:/usr/local/bin:/usr/sbin:/usr/bin:/sbin:/bin:/usr/games:/usr/local/games:/usr/lib/wsl/lib:/mnt/c/Python311/Scripts/:/mnt/c/Python311/:/mnt/c/Windows/system32:/mnt/c/Windows:/mnt/c/Windows/System32/Wbem:/mnt/c/Windows/System32/WindowsPowerShell/v1.0/:/mnt/c/Windows/System32/OpenSSH/:/mnt/c/Program Files/Git/cmd:/mnt/c/Program Files/nodejs/:/mnt/c/ProgramData/chocolatey/bin:/mnt/c/Program Files (x86)/dotnet/:/mnt/c/php-8.2.4:/mnt/c/Users/Canice Ebuka/AppData/Local/Microsoft/WindowsApps:/mnt/c/Users/Canice Ebuka/AppData/Local/Programs/Microsoft VS Code/bin:/mnt/c/Users/Canice Ebuka/AppData/Roaming/npm:/snap/bin

Yarn version: 
  1.22.19

Node version: 
  18.14.0

Platform: 
  linux x64

Trace: 
  Error: getaddrinfo EAI_AGAIN registry.yarnpkg.com
      at GetAddrInfoReqWrap.onlookup [as oncomplete] (node:dns:107:26)

npm manifest: 
  {
    "name": "Node_Apis",
    "version": "1.0.0",
    "description": "node apis",
    "main": "index.js",
    "license": "MIT",
    "type": "module",
    "dependencies": {
      "dotenv": "^16.0.3"
    }
  }

yarn manifest: 
  No manifest

Lockfile: 
  # THIS IS AN AUTOGENERATED FILE. DO NOT EDIT THIS FILE DIRECTLY.
  # yarn lockfile v1
  
  
  dotenv@^16.0.3:
    version "16.0.3"
    resolved "https://registry.yarnpkg.com/dotenv/-/dotenv-16.0.3.tgz#115aec42bac5053db3c456db30cc243a5a836a07"
    integrity sha512-7GO6HghkA5fYG9TYnNxi14/7K9f5occMlp3zXAuSxn7CKCxt9xbNWG7yF8hTCSUchlfWSe3uLmlPfigevRItzQ==
